Using pre-set license
Built from '2021.2/staging' branch; Version is '2021.2.7f1 (6bd9e232123f) revision 7068130'; Using compiler version '192829333'; Build Type 'Release'
OS: 'Windows 10  (10.0.18363) 64bit Enterprise' Language: 'en' Physical Memory: 16216 MB
BatchMode: 1, IsHumanControllingUs: 0, StartBugReporterOnCrash: 0, Is64bit: 1, IsPro: 0

COMMAND LINE ARGUMENTS:
C:\Program Files\Unity\Hub\Editor\2021.2.7f1\Editor\Unity.exe
-adb2
-batchMode
-noUpm
-name
AssetImportWorker0
-projectPath
C:/Users/rnowak/Documents/GameDev/Project-Dragonfruit-2.0/Project Dragonfruit 2.0
-logFile
Logs/AssetImportWorker0.log
-srvPort
56134
Successfully changed project path to: C:/Users/rnowak/Documents/GameDev/Project-Dragonfruit-2.0/Project Dragonfruit 2.0
C:/Users/rnowak/Documents/GameDev/Project-Dragonfruit-2.0/Project Dragonfruit 2.0
[UnityMemory] Configuration Parameters - Can be set up in boot.config
    "memorysetup-bucket-allocator-granularity=16"
    "memorysetup-bucket-allocator-bucket-count=8"
    "memorysetup-bucket-allocator-block-size=33554432"
    "memorysetup-bucket-allocator-block-count=8"
    "memorysetup-main-allocator-block-size=16777216"
    "memorysetup-thread-allocator-block-size=16777216"
    "memorysetup-gfx-main-allocator-block-size=16777216"
    "memorysetup-gfx-thread-allocator-block-size=16777216"
    "memorysetup-cache-allocator-block-size=4194304"
    "memorysetup-typetree-allocator-block-size=2097152"
    "memorysetup-profiler-bucket-allocator-granularity=16"
    "memorysetup-profiler-bucket-allocator-bucket-count=8"
    "memorysetup-profiler-bucket-allocator-block-size=33554432"
    "memorysetup-profiler-bucket-allocator-block-count=8"
    "memorysetup-profiler-allocator-block-size=16777216"
    "memorysetup-profiler-editor-allocator-block-size=1048576"
    "memorysetup-temp-allocator-size-main=16777216"
    "memorysetup-job-temp-allocator-block-size=2097152"
    "memorysetup-job-temp-allocator-block-size-background=1048576"
    "memorysetup-job-temp-allocator-reduction-small-platforms=262144"
    "memorysetup-temp-allocator-size-background-worker=32768"
    "memorysetup-temp-allocator-size-job-worker=262144"
    "memorysetup-temp-allocator-size-preload-manager=33554432"
    "memorysetup-temp-allocator-size-nav-mesh-worker=65536"
    "memorysetup-temp-allocator-size-audio-worker=65536"
    "memorysetup-temp-allocator-size-cloud-worker=32768"
    "memorysetup-temp-allocator-size-gi-baking-worker=262144"
    "memorysetup-temp-allocator-size-gfx=262144"
Refreshing native plugins compatible for Editor in 302.85 ms, found 4 plugins.
Preloading 0 native plugins for Editor in 0.00 ms.
Initialize engine version: 2021.2.7f1 (6bd9e232123f)
[Subsystems] Discovering subsystems at path C:/Program Files/Unity/Hub/Editor/2021.2.7f1/Editor/Data/Resources/UnitySubsystems
[Subsystems] Discovering subsystems at path C:/Users/rnowak/Documents/GameDev/Project-Dragonfruit-2.0/Project Dragonfruit 2.0/Assets
GfxDevice: creating device client; threaded=0; jobified=0
Direct3D:
    Version:  Direct3D 11.0 [level 11.1]
    Renderer: Intel(R) UHD Graphics 620 (ID=0x5917)
    Vendor:   Intel
    VRAM:     8108 MB
    Driver:   27.20.100.7990
Initialize mono
Mono path[0] = 'C:/Program Files/Unity/Hub/Editor/2021.2.7f1/Editor/Data/Managed'
Mono path[1] = 'C:/Program Files/Unity/Hub/Editor/2021.2.7f1/Editor/Data/MonoBleedingEdge/lib/mono/unityjit-win32'
Mono config path = 'C:/Program Files/Unity/Hub/Editor/2021.2.7f1/Editor/Data/MonoBleedingEdge/etc'
Using monoOptions --debugger-agent=transport=dt_socket,embedding=1,server=y,suspend=n,address=127.0.0.1:56448
Begin MonoManager ReloadAssembly
Registering precompiled unity dll's ...
Register platform support module: C:/Program Files/Unity/Hub/Editor/2021.2.7f1/Editor/Data/PlaybackEngines/WindowsStandaloneSupport/UnityEditor.WindowsStandalone.Extensions.dll
Registered in 0.023662 seconds.
Native extension for WindowsStandalone target not found
Refreshing native plugins compatible for Editor in 272.32 ms, found 4 plugins.
Preloading 0 native plugins for Editor in 0.00 ms.
Mono: successfully reloaded assembly
- Completed reload, in  1.832 seconds
Domain Reload Profiling:
	ReloadAssembly (1833ms)
		BeginReloadAssembly (247ms)
			ExecutionOrderSort (0ms)
			DisableScriptedObjects (0ms)
			BackupInstance (0ms)
			ReleaseScriptingObjects (0ms)
			CreateAndSetChildDomain (2ms)
		EndReloadAssembly (1329ms)
			LoadAssemblies (240ms)
			RebuildTransferFunctionScriptingTraits (0ms)
			SetupTypeCache (266ms)
			ReleaseScriptCaches (0ms)
			RebuildScriptCaches (74ms)
			SetupLoadedEditorAssemblies (869ms)
				LogAssemblyErrors (0ms)
				InitializePlatformSupportModulesInManaged (49ms)
				SetLoadedEditorAssemblies (0ms)
				RefreshPlugins (273ms)
				BeforeProcessingInitializeOnLoad (4ms)
				ProcessInitializeOnLoadAttributes (392ms)
				ProcessInitializeOnLoadMethodAttributes (151ms)
				AfterProcessingInitializeOnLoad (0ms)
				EditorAssembliesLoaded (0ms)
			ExecutionOrderSort2 (0ms)
			AwakeInstancesAfterBackupRestoration (0ms)
Platform modules already initialized, skipping
Registering precompiled user dll's ...
Registered in 0.057543 seconds.
Begin MonoManager ReloadAssembly
Symbol file LoadedFromMemory doesn't match image C:\Users\rnowak\Documents\GameDev\Project-Dragonfruit-2.0\Project Dragonfruit 2.0\Library\PackageCache\com.unity.visualscripting@1.7.6\Editor\VisualScripting.Core\Dependencies\YamlDotNet\Unity.VisualScripting.YamlDotNet.dll
Symbol file LoadedFromMemory doesn't match image C:\Users\rnowak\Documents\GameDev\Project-Dragonfruit-2.0\Project Dragonfruit 2.0\Library\PackageCache\com.unity.visualscripting@1.7.6\Editor\VisualScripting.Core\Dependencies\DotNetZip\Unity.VisualScripting.IonicZip.dll
Native extension for WindowsStandalone target not found
Refreshing native plugins compatible for Editor in 349.91 ms, found 4 plugins.
Preloading 0 native plugins for Editor in 0.00 ms.
Mono: successfully reloaded assembly
- Completed reload, in  5.525 seconds
Domain Reload Profiling:
	ReloadAssembly (5527ms)
		BeginReloadAssembly (327ms)
			ExecutionOrderSort (0ms)
			DisableScriptedObjects (17ms)
			BackupInstance (0ms)
			ReleaseScriptingObjects (0ms)
			CreateAndSetChildDomain (43ms)
		EndReloadAssembly (4841ms)
			LoadAssemblies (334ms)
			RebuildTransferFunctionScriptingTraits (0ms)
			SetupTypeCache (857ms)
			ReleaseScriptCaches (2ms)
			RebuildScriptCaches (214ms)
			SetupLoadedEditorAssemblies (3312ms)
				LogAssemblyErrors (0ms)
				InitializePlatformSupportModulesInManaged (25ms)
				SetLoadedEditorAssemblies (0ms)
				RefreshPlugins (350ms)
				BeforeProcessingInitializeOnLoad (367ms)
				ProcessInitializeOnLoadAttributes (2315ms)
				ProcessInitializeOnLoadMethodAttributes (231ms)
				AfterProcessingInitializeOnLoad (23ms)
				EditorAssembliesLoaded (0ms)
			ExecutionOrderSort2 (0ms)
			AwakeInstancesAfterBackupRestoration (19ms)
Platform modules already initialized, skipping
========================================================================
Worker process is ready to serve import requests
Launched and connected shader compiler UnityShaderCompiler.exe after 0.12 seconds
Refreshing native plugins compatible for Editor in 1.52 ms, found 4 plugins.
Preloading 0 native plugins for Editor in 0.00 ms.
Unloading 5405 Unused Serialized files (Serialized files now loaded: 0)
Unloading 42 unused Assets / (0.7 MB). Loaded Objects now: 5856.
Memory consumption went from 214.9 MB to 214.2 MB.
Total: 10.950500 ms (FindLiveObjects: 0.677000 ms CreateObjectMapping: 0.512000 ms MarkObjects: 9.420000 ms  DeleteObjects: 0.338900 ms)

AssetImportParameters requested are different than current active one (requested -> active):
  custom:video-decoder-ogg-theora: a1e56fd34408186e4bbccfd4996cb3dc -> 
  custom:container-muxer-webm: aa71ff27fc2769a1b78a27578f13a17b -> 
  custom:container-demuxer-webm: 4f35f7cbe854078d1ac9338744f61a02 -> 
  custom:video-encoder-webm-vp8: eb34c28f22e8b96e1ab97ce403110664 -> 
  custom:audio-encoder-webm-vorbis: bf7c407c2cedff20999df2af8eb42d56 -> 
  custom:framework-win-MediaFoundation: 216162199b28c13a410421893ffa2e32 -> 
  custom:container-demuxer-ogg: 62fdf1f143b41e24485cea50d1cbac27 -> 
  custom:video-decoder-webm-vp8: 9c59270c3fd7afecdb556c50c9e8de78 -> 
  custom:audio-decoder-ogg-vorbis: bf7c407c2cedff20999df2af8eb42d56 -> 
========================================================================
Received Import Request.
  Time since last request: 419762.404535 seconds.
  path: Assets/Scenes/BeginningScene.unity
  artifactKey: Guid(2cda990e2423bbf4892e6590ba056729) Importer(815301076,1909f56bfc062723c751e8b465ee728b)
Start importing Assets/Scenes/BeginningScene.unity using Guid(2cda990e2423bbf4892e6590ba056729) Importer(815301076,1909f56bfc062723c751e8b465ee728b)  -> (artifact id: '3eacba846589aadf557972adad7c71bf') in 0.035723 seconds 
========================================================================
Received Import Request.
  Time since last request: 17.234078 seconds.
  path: Assets/Scenes/Tutorial.unity
  artifactKey: Guid(c62e3ea197ddaec4a9be5996d6890a24) Importer(815301076,1909f56bfc062723c751e8b465ee728b)
Start importing Assets/Scenes/Tutorial.unity using Guid(c62e3ea197ddaec4a9be5996d6890a24) Importer(815301076,1909f56bfc062723c751e8b465ee728b)  -> (artifact id: '6088070e944a3f6e28fbc1fb7b1cd801') in 0.006357 seconds 
========================================================================
Received Import Request.
  Time since last request: 278.221479 seconds.
  path: Assets/Art/DarkRed_BushSprite.png
  artifactKey: Guid(99004cd835832e548bcc15f45737795c) Importer(815301076,1909f56bfc062723c751e8b465ee728b)
Start importing Assets/Art/DarkRed_BushSprite.png using Guid(99004cd835832e548bcc15f45737795c) Importer(815301076,1909f56bfc062723c751e8b465ee728b)  -> (artifact id: 'b0e445e0c5a737901d04ffaa15e59945') in 0.177624 seconds 
========================================================================
Received Import Request.
  Time since last request: 5.441562 seconds.
  path: Assets/Art/DarkRed_SalvationTreeSprite.png
  artifactKey: Guid(10e1d06fc4f85b84883bebfd8e983060) Importer(815301076,1909f56bfc062723c751e8b465ee728b)
Start importing Assets/Art/DarkRed_SalvationTreeSprite.png using Guid(10e1d06fc4f85b84883bebfd8e983060) Importer(815301076,1909f56bfc062723c751e8b465ee728b)  -> (artifact id: '1982f8a1a73bd909c7e7d40608046f50') in 0.129904 seconds 
========================================================================
Received Import Request.
  Time since last request: 4.617722 seconds.
  path: Assets/Art/DarkRed_FallenTree.png
  artifactKey: Guid(6679381944b56bd43b73c57507b570ba) Importer(815301076,1909f56bfc062723c751e8b465ee728b)
Start importing Assets/Art/DarkRed_FallenTree.png using Guid(6679381944b56bd43b73c57507b570ba) Importer(815301076,1909f56bfc062723c751e8b465ee728b)  -> (artifact id: '500a19493b85c0d50529ca0f95ab60e7') in 0.056825 seconds 
========================================================================
Received Import Request.
  Time since last request: 8.817429 seconds.
  path: Assets/Art/DarkRed_Twig_Sprite.png
  artifactKey: Guid(8b28b87c117115b42a5eb9d57b558533) Importer(815301076,1909f56bfc062723c751e8b465ee728b)
Start importing Assets/Art/DarkRed_Twig_Sprite.png using Guid(8b28b87c117115b42a5eb9d57b558533) Importer(815301076,1909f56bfc062723c751e8b465ee728b)  -> (artifact id: 'be221a782e83f721c9ddd45c4edf6576') in 0.024770 seconds 
========================================================================
Received Import Request.
  Time since last request: 26.133761 seconds.
  path: Assets/Art/DarkRed_3LayerBushes_Light 1.png
  artifactKey: Guid(b363c85f61bc2eb4eaf2cbb789e2f3a3) Importer(815301076,1909f56bfc062723c751e8b465ee728b)
Start importing Assets/Art/DarkRed_3LayerBushes_Light 1.png using Guid(b363c85f61bc2eb4eaf2cbb789e2f3a3) Importer(815301076,1909f56bfc062723c751e8b465ee728b)  -> (artifact id: '4314016a046039b6d99c421b94836065') in 0.210566 seconds 
========================================================================
Received Import Request.
  Time since last request: 781.454834 seconds.
  path: Assets/Art/DarkRed_2LayerCanopy.png
  artifactKey: Guid(ad5ba6bf2b5bfee4fbdd4b1b8b8c3719) Importer(815301076,1909f56bfc062723c751e8b465ee728b)
Start importing Assets/Art/DarkRed_2LayerCanopy.png using Guid(ad5ba6bf2b5bfee4fbdd4b1b8b8c3719) Importer(815301076,1909f56bfc062723c751e8b465ee728b)  -> (artifact id: '9ab5e2559e8508d3976d54a2a845516f') in 0.293457 seconds 
